<?xml version="1.0" encoding="UTF-8"?>
<!-- Generated by org.testng.reporters.JUnitReportReporter -->
<testsuite hostname="DESKTOP-DID8I9F" failures="0" tests="1" name="POM_Test_Base_Utility.Kite_Error_MSGValidation" time="21.176" errors="0" timestamp="2021-12-08T16:38:56 IST" skipped="0">
  <testcase classname="POM_Test_Base_Utility.Kite_Error_MSGValidation" name="validatingErrorMessages" time="21.176"/>
  <system-out>
    <![CDATA[Validating Error messages of Username and Password
Both are Matching TC is Passed
Taking ScreenShot]]>
  </system-out>
</testsuite> <!-- POM_Test_Base_Utility.Kite_Error_MSGValidation -->
