<?xml version="1.0" encoding="UTF-8"?>
<!-- Generated by org.testng.reporters.JUnitReportReporter -->
<testsuite hostname="DESKTOP-DID8I9F" failures="0" tests="2" name="TestNG_Practice.DemoTest1" time="0.015" errors="0" timestamp="2021-11-28T08:20:18 IST" skipped="0">
  <testcase classname="TestNG_Practice.DemoTest1" name="d" time="0.003"/>
  <system-out>
    <![CDATA[Test d is running]]>
  </system-out>
  <testcase classname="TestNG_Practice.DemoTest1" name="a" time="0.012"/>
  <system-out>
    <![CDATA[Test a is running]]>
  </system-out>
</testsuite> <!-- TestNG_Practice.DemoTest1 -->
