<?xml version="1.0" encoding="UTF-8"?>
<!-- Generated by org.testng.reporters.JUnitReportReporter -->
<testsuite hostname="DESKTOP-DID8I9F" failures="0" tests="3" name="TestNG_Study.Priority_Study" time="0.023" errors="0" timestamp="2021-11-26T15:39:16 IST" skipped="0">
  <testcase classname="TestNG_Study.Priority_Study" name="TC1" time="0.009"/>
  <system-out>
    <![CDATA[TC1 is Running]]>
  </system-out>
  <testcase classname="TestNG_Study.Priority_Study" name="TC3" time="0.010"/>
  <system-out>
    <![CDATA[TC3 is Running]]>
  </system-out>
  <testcase classname="TestNG_Study.Priority_Study" name="TC2" time="0.004"/>
  <system-out>
    <![CDATA[TC2 is Running]]>
  </system-out>
</testsuite> <!-- TestNG_Study.Priority_Study -->
