<?xml version="1.0" encoding="UTF-8"?>
<!-- Generated by org.testng.reporters.JUnitReportReporter -->
<testsuite hostname="DESKTOP-DID8I9F" failures="0" tests="2" name="TestNG_Study.TestNG_Annotation" time="0.017" errors="0" timestamp="2021-11-26T15:20:02 IST" skipped="0">
  <testcase classname="TestNG_Study.TestNG_Annotation" name="ValidatePin" time="0.005"/>
  <system-out>
    <![CDATA[Pin Validation done-->@Test used]]>
  </system-out>
  <testcase classname="TestNG_Study.TestNG_Annotation" name="ValidateUserId" time="0.012"/>
  <system-out>
    <![CDATA[UserId Validation done--> @Test used]]>
  </system-out>
</testsuite> <!-- TestNG_Study.TestNG_Annotation -->
