<?xml version="1.0" encoding="UTF-8"?>
<!-- Generated by org.testng.reporters.JUnitReportReporter -->
<testsuite hostname="DESKTOP-DID8I9F" failures="0" tests="2" name="TestNG_Study.Invocation_Study" time="0.021" errors="0" timestamp="2021-11-26T15:29:34 IST" skipped="0">
  <testcase classname="TestNG_Study.Invocation_Study" name="TestCase" time="0.010"/>
  <system-out>
    <![CDATA[Test is Running]]>
  </system-out>
  <testcase classname="TestNG_Study.Invocation_Study" name="TestCase" time="0.011"/>
  <system-out>
    <![CDATA[Test is Running]]>
  </system-out>
</testsuite> <!-- TestNG_Study.Invocation_Study -->
