<?xml version="1.0" encoding="UTF-8"?>
<!-- Generated by org.testng.reporters.JUnitReportReporter -->
<testsuite hostname="DESKTOP-DID8I9F" failures="0" tests="1" name="TestNG_Study.NewTest" time="45.451" errors="0" timestamp="2021-11-26T15:20:02 IST" skipped="0">
  <testcase classname="TestNG_Study.NewTest" name="f" time="45.451"/>
  <system-out>
    <![CDATA[Test case passed]]>
  </system-out>
</testsuite> <!-- TestNG_Study.NewTest -->
