<?xml version="1.0" encoding="UTF-8"?>
<!-- Generated by org.testng.reporters.JUnitReportReporter -->
<testsuite hostname="DESKTOP-DID8I9F" failures="0" tests="2" name="TestNG_Practice.Cross_Browser_TestNG" time="89.898" errors="0" timestamp="2021-12-02T20:26:47 IST" skipped="0">
  <testcase classname="TestNG_Practice.Cross_Browser_TestNG" name="CrossBrowser" time="43.055"/>
  <system-out/>
  <testcase classname="TestNG_Practice.Cross_Browser_TestNG" name="CrossBrowser" time="46.843"/>
  <system-out/>
</testsuite> <!-- TestNG_Practice.Cross_Browser_TestNG -->
