<?xml version="1.0" encoding="UTF-8"?>
<!-- Generated by org.testng.reporters.JUnitReportReporter -->
<testsuite hostname="DESKTOP-DID8I9F" failures="0" tests="4" name="TestNG_Study.Keyword_Enabled_Study" time="0.016" errors="0" timestamp="2021-11-26T15:50:35 IST" skipped="1">
  <testcase classname="TestNG_Study.Keyword_Enabled_Study" name="Test4" time="0.012"/>
  <system-out>
    <![CDATA[Test4 is Running]]>
  </system-out>
  <testcase classname="TestNG_Study.Keyword_Enabled_Study" name="Test1" time="0.003"/>
  <system-out>
    <![CDATA[Test1 is Running]]>
  </system-out>
  <testcase classname="TestNG_Study.Keyword_Enabled_Study" name="Test2" time="0.001"/>
  <system-out>
    <![CDATA[Test2 is Running]]>
  </system-out>
  <testcase classname="TestNG_Study.Keyword_Enabled_Study" name="Test3">
    <skipped/>
  </testcase> <!-- Test3 -->
  <system-out/>
</testsuite> <!-- TestNG_Study.Keyword_Enabled_Study -->
