<?xml version="1.0" encoding="UTF-8"?>
<!-- Generated by org.testng.reporters.JUnitReportReporter -->
<testsuite hostname="DESKTOP-DID8I9F" failures="0" tests="4" name="TestNG_Practice.DemoTest2" time="0.015" errors="0" timestamp="2021-11-28T08:20:18 IST" skipped="0">
  <testcase classname="TestNG_Practice.DemoTest2" name="f" time="0.003"/>
  <system-out>
    <![CDATA[Test f is running]]>
  </system-out>
  <testcase classname="TestNG_Practice.DemoTest2" name="a" time="0.003"/>
  <system-out>
    <![CDATA[Test a is running]]>
  </system-out>
  <testcase classname="TestNG_Practice.DemoTest2" name="e" time="0.002"/>
  <system-out>
    <![CDATA[Test e is Running]]>
  </system-out>
  <testcase classname="TestNG_Practice.DemoTest2" name="b" time="0.007"/>
  <system-out>
    <![CDATA[Test b is running]]>
  </system-out>
</testsuite> <!-- TestNG_Practice.DemoTest2 -->
