<?xml version="1.0" encoding="UTF-8"?>
<!-- Generated by org.testng.reporters.JUnitReportReporter -->
<testsuite hostname="DESKTOP-DID8I9F" failures="0" tests="1" name="POM_Test_Base_Utility.KIte_App_TestONMsg" time="24.699" errors="0" timestamp="2021-12-08T16:38:56 IST" skipped="0">
  <testcase classname="POM_Test_Base_Utility.KIte_App_TestONMsg" name="validateerrMsg" time="24.699"/>
  <system-out>
    <![CDATA[Both are Matching TC is Passed
Taking ScreenShot]]>
  </system-out>
</testsuite> <!-- POM_Test_Base_Utility.KIte_App_TestONMsg -->
