<?xml version="1.0" encoding="UTF-8"?>
<!-- Generated by org.testng.reporters.JUnitReportReporter -->
<testsuite hostname="DESKTOP-DID8I9F" failures="0" tests="2" name="POM_with_DDF_TestNG.KiteTestApp_testNG" time="44.563" errors="0" timestamp="2021-12-06T19:09:56 IST" skipped="0">
  <testcase classname="POM_with_DDF_TestNG.KiteTestApp_testNG" name="ValidateUserId" time="20.213"/>
  <system-out>
    <![CDATA[Validating UserId 
TC is Passed, ID's are Matching]]>
  </system-out>
  <testcase classname="POM_with_DDF_TestNG.KiteTestApp_testNG" name="ValidateUserId" time="24.350"/>
  <system-out>
    <![CDATA[Validating UserId 
TC is Passed, ID's are Matching]]>
  </system-out>
</testsuite> <!-- POM_with_DDF_TestNG.KiteTestApp_testNG -->
