<?xml version="1.0" encoding="UTF-8"?>
<!-- Generated by org.testng.reporters.JUnitReportReporter -->
<testsuite hostname="DESKTOP-DID8I9F" failures="0" tests="4" name="Listener_Study.Test3" time="0.011" errors="0" timestamp="2021-12-09T08:17:50 IST" skipped="0">
  <testcase classname="Listener_Study.Test3" name="TC4" time="0.001"/>
  <system-out>
    <![CDATA[TC4 is Running
Test Case successfully completed]]>
  </system-out>
  <testcase classname="Listener_Study.Test3" name="TC3" time="0.001"/>
  <system-out>
    <![CDATA[TC3 is Running
Test Case successfully completed]]>
  </system-out>
  <testcase classname="Listener_Study.Test3" name="TC2" time="0.007"/>
  <system-out>
    <![CDATA[TC2 is Running
Test Case successfully completed]]>
  </system-out>
  <testcase classname="Listener_Study.Test3" name="TC1" time="0.002"/>
  <system-out>
    <![CDATA[TC1 is Running
Test Case successfully completed]]>
  </system-out>
</testsuite> <!-- Listener_Study.Test3 -->
