<?xml version="1.0" encoding="UTF-8"?>
<!-- Generated by org.testng.reporters.JUnitReportReporter -->
<testsuite hostname="DESKTOP-DID8I9F" failures="0" tests="2" name="POM_PageFactory.Kite_TestNG" time="69.713" errors="0" timestamp="2021-12-02T21:11:50 IST" skipped="0">
  <testcase classname="POM_PageFactory.Kite_TestNG" name="KiteAPP" time="26.030"/>
  <system-out>
    <![CDATA[login  Credential 
Pin for Kite App 
visiting HomePage 
Driver Closed ]]>
  </system-out>
  <testcase classname="POM_PageFactory.Kite_TestNG" name="KiteAPP" time="43.683"/>
  <system-out>
    <![CDATA[login  Credential 
Pin for Kite App 
visiting HomePage 
Driver Closed ]]>
  </system-out>
</testsuite> <!-- POM_PageFactory.Kite_TestNG -->
