<?xml version="1.0" encoding="UTF-8"?>
<!-- Generated by org.testng.reporters.JUnitReportReporter -->
<testsuite hostname="DESKTOP-DID8I9F" failures="0" tests="1" name="TestNG_XML_Study.XML_Parallel1" time="26.231" errors="0" timestamp="2021-11-29T14:24:59 IST" skipped="0">
  <testcase classname="TestNG_XML_Study.XML_Parallel1" name="VisitGoogle" time="26.231"/>
  <system-out>
    <![CDATA[Visited to Google]]>
  </system-out>
</testsuite> <!-- TestNG_XML_Study.XML_Parallel1 -->
