<?xml version="1.0" encoding="UTF-8"?>
<!-- Generated by org.testng.reporters.JUnitReportReporter -->
<testsuite hostname="DESKTOP-DID8I9F" failures="0" tests="1" name="TestNGHard_Assert_Study.Assert_False" time="24.021" errors="0" timestamp="2021-11-30T14:16:47 IST" skipped="0">
  <testcase classname="TestNGHard_Assert_Study.Assert_False" name="Assert_False_study" time="24.021"/>
  <system-out>
    <![CDATA[Radio button is not selected]]>
  </system-out>
</testsuite> <!-- TestNGHard_Assert_Study.Assert_False -->
