<?xml version="1.0" encoding="UTF-8"?>
<!-- Generated by org.testng.reporters.JUnitReportReporter -->
<testsuite hostname="DESKTOP-DID8I9F" failures="0" tests="1" name="TestNGHard_Assert_Study.Assert_Null_Study" time="0.131" errors="0" timestamp="2021-11-30T22:12:59 IST" skipped="0">
  <testcase classname="TestNGHard_Assert_Study.Assert_Null_Study" name="Assert_Not_Null" time="0.131"/>
  <system-out>
    <![CDATA[String is Not Empty]]>
  </system-out>
</testsuite> <!-- TestNGHard_Assert_Study.Assert_Null_Study -->
