<?xml version="1.0" encoding="UTF-8"?>
<!-- Generated by org.testng.reporters.JUnitReportReporter -->
<testsuite hostname="DESKTOP-DID8I9F" failures="0" tests="2" name="TestNG_Practice.DemoTest4" time="0.012" errors="0" timestamp="2021-12-17T16:49:25 IST" skipped="0">
  <testcase classname="TestNG_Practice.DemoTest4" name="d" time="0.007"/>
  <system-out>
    <![CDATA[Test d is Running]]>
  </system-out>
  <testcase classname="TestNG_Practice.DemoTest4" name="b" time="0.005"/>
  <system-out>
    <![CDATA[Test b is Running]]>
  </system-out>
</testsuite> <!-- TestNG_Practice.DemoTest4 -->
