<?xml version="1.0" encoding="UTF-8"?>
<!-- Generated by org.testng.reporters.JUnitReportReporter -->
<testsuite hostname="DESKTOP-DID8I9F" failures="0" tests="1" name="TestNG_Study.AnnotationRunningSequence" time="0.024" errors="0" timestamp="2021-11-26T15:22:38 IST" skipped="0">
  <testcase classname="TestNG_Study.AnnotationRunningSequence" name="Test" time="0.024"/>
  <system-out>
    <![CDATA[Test is Running]]>
  </system-out>
</testsuite> <!-- TestNG_Study.AnnotationRunningSequence -->
