<?xml version="1.0" encoding="UTF-8"?>
<!-- Generated by org.testng.reporters.JUnitReportReporter -->
<testsuite hostname="DESKTOP-DID8I9F" failures="0" tests="1" name="Hard_Assert_Study.AssertNotEquals_Study" time="44.222" errors="0" timestamp="2021-11-30T09:02:46 IST" skipped="0">
  <testcase classname="Hard_Assert_Study.AssertNotEquals_Study" name="AssertNot_Study" time="44.222"/>
  <system-out>
    <![CDATA[Actual and Expected are not matching]]>
  </system-out>
</testsuite> <!-- Hard_Assert_Study.AssertNotEquals_Study -->
