<?xml version="1.0" encoding="UTF-8"?>
<!-- Generated by org.testng.reporters.JUnitReportReporter -->
<testsuite hostname="DESKTOP-DID8I9F" failures="0" tests="4" name="TestNG_Study.DependOnMethodStudy" time="0.020" errors="0" timestamp="2021-11-26T16:31:28 IST" skipped="0">
  <testcase classname="TestNG_Study.DependOnMethodStudy" name="d" time="0.013"/>
  <system-out>
    <![CDATA[Method d is Running]]>
  </system-out>
  <testcase classname="TestNG_Study.DependOnMethodStudy" name="a" time="0.002"/>
  <system-out>
    <![CDATA[Method a is Running]]>
  </system-out>
  <testcase classname="TestNG_Study.DependOnMethodStudy" name="b" time="0.002"/>
  <system-out>
    <![CDATA[Method b is Running]]>
  </system-out>
  <testcase classname="TestNG_Study.DependOnMethodStudy" name="c" time="0.003"/>
  <system-out>
    <![CDATA[Method c is Running]]>
  </system-out>
</testsuite> <!-- TestNG_Study.DependOnMethodStudy -->
