<?xml version="1.0" encoding="UTF-8"?>
<!-- Generated by org.testng.reporters.JUnitReportReporter -->
<testsuite hostname="DESKTOP-DID8I9F" failures="0" tests="1" name="POM_Test_Base_Utility.Kite_App_Test" time="35.490" errors="0" timestamp="2021-12-08T16:38:56 IST" skipped="0">
  <testcase classname="POM_Test_Base_Utility.Kite_App_Test" name="validateUserID" time="35.490"/>
  <system-out>
    <![CDATA[Validating UserID
ID's are Matched TC 10 is passed
Taking ScreenShot]]>
  </system-out>
</testsuite> <!-- POM_Test_Base_Utility.Kite_App_Test -->
