<?xml version="1.0" encoding="UTF-8"?>
<!-- Generated by org.testng.reporters.JUnitReportReporter -->
<testsuite hostname="DESKTOP-DID8I9F" failures="0" tests="2" name="TestNG_Practice.DemoTest3" time="0.017" errors="0" timestamp="2021-12-17T16:49:25 IST" skipped="0">
  <testcase classname="TestNG_Practice.DemoTest3" name="b" time="0.015"/>
  <system-out>
    <![CDATA[Test b is Running]]>
  </system-out>
  <testcase classname="TestNG_Practice.DemoTest3" name="f" time="0.002"/>
  <system-out>
    <![CDATA[Test f is Running]]>
  </system-out>
</testsuite> <!-- TestNG_Practice.DemoTest3 -->
